
>>>>> 1.8.7
--- FAIL: TestDoWork_GeneratesAllNumbers (1.00s)
	bad_concurrent_test.go:55: test timed out
FAIL
FAIL	command-line-arguments	1.004s

>>>>> 1.9.7
--- FAIL: TestDoWork_GeneratesAllNumbers (1.00s)
	bad_concurrent_test.go:55: test timed out
FAIL
FAIL	command-line-arguments	1.003s

>>>>> 1.10.4
--- FAIL: TestDoWork_GeneratesAllNumbers (1.00s)
	bad_concurrent_test.go:55: test timed out
FAIL
FAIL	command-line-arguments	1.003s

>>>>> 1.11
--- FAIL: TestDoWork_GeneratesAllNumbers (1.00s)
    bad_concurrent_test.go:55: test timed out
FAIL
FAIL	command-line-arguments	1.003s
