
>>>>> 1.6.4
--- FAIL: TestDoWork_GeneratesAllNumbers (1.00s)
	bad_concurrent_test.go:55: test timed out
FAIL
FAIL	command-line-arguments	1.003s

>>>>> 1.7.6
--- FAIL: TestDoWork_GeneratesAllNumbers (1.00s)
	bad_concurrent_test.go:55: test timed out
FAIL
FAIL	command-line-arguments	1.003s

>>>>> 1.8.7
--- FAIL: TestDoWork_GeneratesAllNumbers (1.00s)
	bad_concurrent_test.go:55: test timed out
FAIL
FAIL	command-line-arguments	1.003s

>>>>> 1.9.7
--- FAIL: TestDoWork_GeneratesAllNumbers (1.00s)
	bad_concurrent_test.go:55: test timed out
FAIL
FAIL	command-line-arguments	1.002s

>>>>> 1.10.4
--- FAIL: TestDoWork_GeneratesAllNumbers (1.00s)
	bad_concurrent_test.go:55: test timed out
FAIL
FAIL	command-line-arguments	1.002s

>>>>> 1.11.1
--- FAIL: TestDoWork_GeneratesAllNumbers (1.00s)
    bad_concurrent_test.go:55: test timed out
FAIL
FAIL	command-line-arguments	1.002s
